<?xml version="1.0" encoding="UTF-8"?>
<!-- Generated by org.testng.reporters.JUnitReportReporter -->
<testsuite hostname="Shivam" failures="0" tests="3" name="practice.GetProductInfoTest" time="124.850" errors="0" timestamp="2026-09-08T15:35:46 IST" skipped="0">
  <testcase classname="practice.GetProductInfoTest" name="getProductInfoTest" time="13.907"/>
  <testcase classname="practice.GetProductInfoTest" name="getProductInfoTest" time="16.645"/>
  <testcase classname="practice.GetProductInfoTest" name="getProductInfoTest" time="94.298"/>
</testsuite> <!-- practice.GetProductInfoTest -->
