<?xml version="1.0" encoding="UTF-8"?>
<!-- Generated by org.testng.reporters.JUnitReportReporter -->
<testsuite hostname="Shivam" failures="0" tests="3" name="practice.CreateContactDataProviderTest3" time="0.034" errors="0" timestamp="2026-09-08T15:21:14 IST" skipped="0">
  <testcase classname="practice.CreateContactDataProviderTest3" name="createContactTest" time="0.002"/>
  <testcase classname="practice.CreateContactDataProviderTest3" name="createContactTest" time="0.026"/>
  <testcase classname="practice.CreateContactDataProviderTest3" name="createContactTest" time="0.006"/>
</testsuite> <!-- practice.CreateContactDataProviderTest3 -->
