<?xml version="1.0" encoding="UTF-8"?>
<!-- Generated by org.testng.reporters.JUnitReportReporter -->
<testsuite hostname="Shivam" failures="0" tests="3" name="practice.ContactTest" time="0.513" errors="0" timestamp="2026-09-07T17:12:49 IST" skipped="0">
  <testcase classname="practice.ContactTest" name="createContactTest" time="0.507"/>
  <testcase classname="practice.ContactTest" name="deleteContactTest" time="0.003"/>
  <testcase classname="practice.ContactTest" name="modifyContactTest" time="0.003"/>
</testsuite> <!-- practice.ContactTest -->
