<?xml version="1.0" encoding="UTF-8"?>
<!-- Generated by org.testng.reporters.JUnitReportReporter -->
<testsuite hostname="Shivam" failures="0" tests="3" name="practice.CreateContactDataProviderTest" time="0.019" errors="0" timestamp="2026-09-08T13:23:50 IST" skipped="0">
  <testcase classname="practice.CreateContactDataProviderTest" name="createContactTest" time="0.011"/>
  <testcase classname="practice.CreateContactDataProviderTest" name="createContactTest" time="0.003"/>
  <testcase classname="practice.CreateContactDataProviderTest" name="createContactTest" time="0.005"/>
</testsuite> <!-- practice.CreateContactDataProviderTest -->
