<?xml version="1.0" encoding="UTF-8"?>
<testng-results ignored="0" total="3" passed="3" failed="0" skipped="0">
  <reporter-output>
  </reporter-output>
  <suite started-at="2026-09-13T22:53:26 IST" name="Suite" finished-at="2026-09-13T22:56:12 IST" duration-ms="166116">
    <groups>
      <group name="smoke">
        <method signature="CreateOrganizationTest.CreateOrganization()[pri:0, instance:com.comcast.crm.orgtest.CreateOrganizationTest@139982de]" name="CreateOrganization" class="com.comcast.crm.orgtest.CreateOrganizationTest"/>
      </group> <!-- smoke -->
    </groups>
    <test started-at="2026-09-13T22:53:26 IST" name="Test" finished-at="2026-09-13T22:56:12 IST" duration-ms="166116">
      <class name="com.comcast.crm.orgtest.CreateOrganizationWithIndustry">
        <test-method is-config="true" signature="configBC()[pri:0, instance:com.comcast.crm.orgtest.CreateOrganizationWithIndustry@385c9627]" started-at="2026-09-13T22:54:22 IST" name="configBC" finished-at="2026-09-13T22:54:42 IST" duration-ms="19394" status="PASS">
          <reporter-output>
          </reporter-output>
        </test-method> <!-- configBC -->
        <test-method is-config="true" signature="configBM()[pri:0, instance:com.comcast.crm.orgtest.CreateOrganizationWithIndustry@385c9627]" started-at="2026-09-13T22:54:42 IST" name="configBM" finished-at="2026-09-13T22:54:48 IST" duration-ms="6472" status="PASS">
          <reporter-output>
          </reporter-output>
        </test-method> <!-- configBM -->
        <test-method signature="organizationWithIndustry()[pri:0, instance:com.comcast.crm.orgtest.CreateOrganizationWithIndustry@385c9627]" started-at="2026-09-13T22:54:48 IST" name="organizationWithIndustry" finished-at="2026-09-13T22:54:58 IST" duration-ms="9485" status="PASS">
          <reporter-output>
          </reporter-output>
        </test-method> <!-- organizationWithIndustry -->
        <test-method is-config="true" signature="configAM()[pri:0, instance:com.comcast.crm.orgtest.CreateOrganizationWithIndustry@385c9627]" started-at="2026-09-13T22:54:58 IST" name="configAM" finished-at="2026-09-13T22:55:01 IST" duration-ms="2807" status="PASS">
          <reporter-output>
          </reporter-output>
        </test-method> <!-- configAM -->
        <test-method is-config="true" signature="configAC()[pri:0, instance:com.comcast.crm.orgtest.CreateOrganizationWithIndustry@385c9627]" started-at="2026-09-13T22:55:01 IST" name="configAC" finished-at="2026-09-13T22:55:15 IST" duration-ms="14714" status="PASS">
          <reporter-output>
          </reporter-output>
        </test-method> <!-- configAC -->
      </class> <!-- com.comcast.crm.orgtest.CreateOrganizationWithIndustry -->
      <class name="com.comcast.crm.orgtest.CreateOrganizationWithPhoneTest">
        <test-method is-config="true" signature="configBS()[pri:0, instance:com.comcast.crm.orgtest.CreateOrganizationWithPhoneTest@2f4948e4]" started-at="2026-09-13T22:53:26 IST" name="configBS" finished-at="2026-09-13T22:53:26 IST" duration-ms="21" status="PASS">
          <reporter-output>
          </reporter-output>
        </test-method> <!-- configBS -->
        <test-method is-config="true" signature="configBC()[pri:0, instance:com.comcast.crm.orgtest.CreateOrganizationWithPhoneTest@2f4948e4]" started-at="2026-09-13T22:53:26 IST" name="configBC" finished-at="2026-09-13T22:53:29 IST" duration-ms="2862" status="PASS">
          <reporter-output>
          </reporter-output>
        </test-method> <!-- configBC -->
        <test-method is-config="true" signature="configBM()[pri:0, instance:com.comcast.crm.orgtest.CreateOrganizationWithPhoneTest@2f4948e4]" started-at="2026-09-13T22:53:29 IST" name="configBM" finished-at="2026-09-13T22:53:48 IST" duration-ms="19440" status="PASS">
          <reporter-output>
          </reporter-output>
        </test-method> <!-- configBM -->
        <test-method signature="organizationWithPhone()[pri:0, instance:com.comcast.crm.orgtest.CreateOrganizationWithPhoneTest@2f4948e4]" started-at="2026-09-13T22:53:48 IST" name="organizationWithPhone" finished-at="2026-09-13T22:54:18 IST" duration-ms="29945" status="PASS">
          <reporter-output>
          </reporter-output>
        </test-method> <!-- organizationWithPhone -->
        <test-method is-config="true" signature="configAM()[pri:0, instance:com.comcast.crm.orgtest.CreateOrganizationWithPhoneTest@2f4948e4]" started-at="2026-09-13T22:54:18 IST" name="configAM" finished-at="2026-09-13T22:54:21 IST" duration-ms="2864" status="PASS">
          <reporter-output>
          </reporter-output>
        </test-method> <!-- configAM -->
        <test-method is-config="true" signature="configAC()[pri:0, instance:com.comcast.crm.orgtest.CreateOrganizationWithPhoneTest@2f4948e4]" started-at="2026-09-13T22:54:21 IST" name="configAC" finished-at="2026-09-13T22:54:22 IST" duration-ms="1522" status="PASS">
          <reporter-output>
          </reporter-output>
        </test-method> <!-- configAC -->
        <test-method is-config="true" signature="configAS()[pri:0, instance:com.comcast.crm.orgtest.CreateOrganizationWithPhoneTest@2f4948e4]" started-at="2026-09-13T22:56:13 IST" name="configAS" finished-at="2026-09-13T22:56:13 IST" duration-ms="2" status="PASS">
          <reporter-output>
          </reporter-output>
        </test-method> <!-- configAS -->
      </class> <!-- com.comcast.crm.orgtest.CreateOrganizationWithPhoneTest -->
      <class name="com.comcast.crm.orgtest.CreateOrganizationTest">
        <test-method is-config="true" signature="configBC()[pri:0, instance:com.comcast.crm.orgtest.CreateOrganizationTest@139982de]" started-at="2026-09-13T22:55:15 IST" name="configBC" finished-at="2026-09-13T22:55:27 IST" duration-ms="12076" status="PASS">
          <reporter-output>
          </reporter-output>
        </test-method> <!-- configBC -->
        <test-method is-config="true" signature="configBM()[pri:0, instance:com.comcast.crm.orgtest.CreateOrganizationTest@139982de]" started-at="2026-09-13T22:55:27 IST" name="configBM" finished-at="2026-09-13T22:55:48 IST" duration-ms="20202" status="PASS">
          <reporter-output>
          </reporter-output>
        </test-method> <!-- configBM -->
        <test-method signature="CreateOrganization()[pri:0, instance:com.comcast.crm.orgtest.CreateOrganizationTest@139982de]" started-at="2026-09-13T22:55:48 IST" name="CreateOrganization" finished-at="2026-09-13T22:55:52 IST" duration-ms="4504" status="PASS">
          <reporter-output>
          </reporter-output>
        </test-method> <!-- CreateOrganization -->
        <test-method is-config="true" signature="configAM()[pri:0, instance:com.comcast.crm.orgtest.CreateOrganizationTest@139982de]" started-at="2026-09-13T22:55:52 IST" name="configAM" finished-at="2026-09-13T22:55:55 IST" duration-ms="2849" status="PASS">
          <reporter-output>
          </reporter-output>
        </test-method> <!-- configAM -->
        <test-method is-config="true" signature="configAC()[pri:0, instance:com.comcast.crm.orgtest.CreateOrganizationTest@139982de]" started-at="2026-09-13T22:55:55 IST" name="configAC" finished-at="2026-09-13T22:56:12 IST" duration-ms="16832" status="PASS">
          <reporter-output>
          </reporter-output>
        </test-method> <!-- configAC -->
      </class> <!-- com.comcast.crm.orgtest.CreateOrganizationTest -->
    </test> <!-- Test -->
  </suite> <!-- Suite -->
</testng-results>
