<?xml version="1.0" encoding="UTF-8"?>
<testng-results ignored="0" total="2" passed="2" failed="0" skipped="0">
  <reporter-output>
  </reporter-output>
  <suite started-at="2026-09-23T14:37:03 IST" name="Suite" finished-at="2026-09-23T14:37:03 IST" duration-ms="111">
    <groups>
    </groups>
    <test started-at="2026-09-23T14:37:03 IST" name="Test" finished-at="2026-09-23T14:37:03 IST" duration-ms="111">
      <class name="pack1.ContactTest">
        <test-method signature="createContactTest()[pri:0, instance:pack1.ContactTest@1283bb96]" started-at="2026-09-23T14:37:03 IST" name="createContactTest" finished-at="2026-09-23T14:37:03 IST" duration-ms="17" status="PASS">
          <reporter-output>
          </reporter-output>
        </test-method> <!-- createContactTest -->
        <test-method signature="modifyContactTest()[pri:0, instance:pack1.ContactTest@1283bb96]" started-at="2026-09-23T14:37:03 IST" name="modifyContactTest" finished-at="2026-09-23T14:37:03 IST" duration-ms="20" status="PASS">
          <reporter-output>
          </reporter-output>
        </test-method> <!-- modifyContactTest -->
      </class> <!-- pack1.ContactTest -->
    </test> <!-- Test -->
  </suite> <!-- Suite -->
</testng-results>
